<?xml version="1.0" encoding="UTF-8"?>
<!-- Generated by org.testng.reporters.JUnitXMLReporter -->
<testsuite hostname="5-WS-027" name="Default test" tests="5" failures="0" timestamp="29 Mar 2016 06:55:32 GMT" time="43.953" errors="0">
  <testcase name="TC_001" time="24.891" classname="packages.Teams"/>
  <testcase name="TC_002" time="3.11" classname="packages.Teams"/>
  <testcase name="TC_005" time="3.844" classname="packages.Teams"/>
  <testcase name="TC_006" time="3.937" classname="packages.Teams"/>
  <testcase name="TC_007" time="2.672" classname="packages.Teams"/>
</testsuite> <!-- Default test -->
